<?xml version="1.0" encoding="UTF-8"?>
<!-- Generated by org.testng.reporters.JUnitXMLReporter -->
<testsuite hostname="Balla-PC" name="Command line test" tests="4" failures="0" timestamp="5 May 2014 20:17:39 GMT" time="2.167" errors="0">
  <testcase name="createGenre" time="0.048" classname="com.bradley.musicapp.test.repository.GenreRepositoryTest"/>
  <testcase name="readGenre" time="0.017" classname="com.bradley.musicapp.test.repository.GenreRepositoryTest"/>
  <testcase name="updateGenre" time="0.034" classname="com.bradley.musicapp.test.repository.GenreRepositoryTest"/>
  <testcase name="deleteGenre" time="0.017" classname="com.bradley.musicapp.test.repository.GenreRepositoryTest"/>
</testsuite> <!-- Command line test -->
