<?xml version="1.0" encoding="UTF-8"?>
<testng-results skipped="0" failed="0" total="4" passed="4">
  <reporter-output>
  </reporter-output>
  <suite name="com.bradley.musicapp.test.repository.TrackRepositoryTest" duration-ms="2070" started-at="2014-05-05T20:48:56Z" finished-at="2014-05-05T20:48:59Z">
    <groups>
    </groups>
    <test name="Command line test" duration-ms="2070" started-at="2014-05-05T20:48:56Z" finished-at="2014-05-05T20:48:59Z">
      <class name="com.bradley.musicapp.test.repository.TrackRepositoryTest">
        <test-method status="PASS" signature="setUpClass()[pri:0, instance:com.bradley.musicapp.test.repository.TrackRepositoryTest@6dabd6b0]" name="setUpClass" is-config="true" duration-ms="1954" started-at="2014-05-05T22:48:57Z" finished-at="2014-05-05T22:48:58Z">
          <reporter-output>
          </reporter-output>
        </test-method> <!-- setUpClass -->
        <test-method status="PASS" signature="setUpMethod()[pri:0, instance:com.bradley.musicapp.test.repository.TrackRepositoryTest@6dabd6b0]" name="setUpMethod" is-config="true" duration-ms="0" started-at="2014-05-05T22:48:58Z" finished-at="2014-05-05T22:48:58Z">
          <reporter-output>
          </reporter-output>
        </test-method> <!-- setUpMethod -->
        <test-method status="PASS" signature="createTrack()[pri:0, instance:com.bradley.musicapp.test.repository.TrackRepositoryTest@6dabd6b0]" name="createTrack" duration-ms="46" started-at="2014-05-05T22:48:58Z" finished-at="2014-05-05T22:48:59Z">
          <reporter-output>
          </reporter-output>
        </test-method> <!-- createTrack -->
        <test-method status="PASS" signature="tearDownMethod()[pri:0, instance:com.bradley.musicapp.test.repository.TrackRepositoryTest@6dabd6b0]" name="tearDownMethod" is-config="true" duration-ms="0" started-at="2014-05-05T22:48:59Z" finished-at="2014-05-05T22:48:59Z">
          <reporter-output>
          </reporter-output>
        </test-method> <!-- tearDownMethod -->
        <test-method status="PASS" signature="readTrack()[pri:0, instance:com.bradley.musicapp.test.repository.TrackRepositoryTest@6dabd6b0]" name="readTrack" duration-ms="18" started-at="2014-05-05T22:48:59Z" depends-on-methods="com.bradley.musicapp.test.repository.TrackRepositoryTest.createTrack" finished-at="2014-05-05T22:48:59Z">
          <reporter-output>
          </reporter-output>
        </test-method> <!-- readTrack -->
        <test-method status="PASS" signature="setUpMethod()[pri:0, instance:com.bradley.musicapp.test.repository.TrackRepositoryTest@6dabd6b0]" name="setUpMethod" is-config="true" duration-ms="0" started-at="2014-05-05T22:48:59Z" finished-at="2014-05-05T22:48:59Z">
          <reporter-output>
          </reporter-output>
        </test-method> <!-- setUpMethod -->
        <test-method status="PASS" signature="setUpMethod()[pri:0, instance:com.bradley.musicapp.test.repository.TrackRepositoryTest@6dabd6b0]" name="setUpMethod" is-config="true" duration-ms="1" started-at="2014-05-05T22:48:59Z" finished-at="2014-05-05T22:48:59Z">
          <reporter-output>
          </reporter-output>
        </test-method> <!-- setUpMethod -->
        <test-method status="PASS" signature="tearDownMethod()[pri:0, instance:com.bradley.musicapp.test.repository.TrackRepositoryTest@6dabd6b0]" name="tearDownMethod" is-config="true" duration-ms="0" started-at="2014-05-05T22:48:59Z" finished-at="2014-05-05T22:48:59Z">
          <reporter-output>
          </reporter-output>
        </test-method> <!-- tearDownMethod -->
        <test-method status="PASS" signature="updateTrack()[pri:0, instance:com.bradley.musicapp.test.repository.TrackRepositoryTest@6dabd6b0]" name="updateTrack" duration-ms="23" started-at="2014-05-05T22:48:59Z" depends-on-methods="com.bradley.musicapp.test.repository.TrackRepositoryTest.readTrack" finished-at="2014-05-05T22:48:59Z">
          <reporter-output>
          </reporter-output>
        </test-method> <!-- updateTrack -->
        <test-method status="PASS" signature="tearDownMethod()[pri:0, instance:com.bradley.musicapp.test.repository.TrackRepositoryTest@6dabd6b0]" name="tearDownMethod" is-config="true" duration-ms="0" started-at="2014-05-05T22:48:59Z" finished-at="2014-05-05T22:48:59Z">
          <reporter-output>
          </reporter-output>
        </test-method> <!-- tearDownMethod -->
        <test-method status="PASS" signature="setUpMethod()[pri:0, instance:com.bradley.musicapp.test.repository.TrackRepositoryTest@6dabd6b0]" name="setUpMethod" is-config="true" duration-ms="0" started-at="2014-05-05T22:48:59Z" finished-at="2014-05-05T22:48:59Z">
          <reporter-output>
          </reporter-output>
        </test-method> <!-- setUpMethod -->
        <test-method status="PASS" signature="deleteTrack()[pri:0, instance:com.bradley.musicapp.test.repository.TrackRepositoryTest@6dabd6b0]" name="deleteTrack" duration-ms="17" started-at="2014-05-05T22:48:59Z" depends-on-methods="com.bradley.musicapp.test.repository.TrackRepositoryTest.updateTrack" finished-at="2014-05-05T22:48:59Z">
          <reporter-output>
          </reporter-output>
        </test-method> <!-- deleteTrack -->
        <test-method status="PASS" signature="tearDownClass()[pri:0, instance:com.bradley.musicapp.test.repository.TrackRepositoryTest@6dabd6b0]" name="tearDownClass" is-config="true" duration-ms="0" started-at="2014-05-05T22:48:59Z" finished-at="2014-05-05T22:48:59Z">
          <reporter-output>
          </reporter-output>
        </test-method> <!-- tearDownClass -->
        <test-method status="PASS" signature="tearDownMethod()[pri:0, instance:com.bradley.musicapp.test.repository.TrackRepositoryTest@6dabd6b0]" name="tearDownMethod" is-config="true" duration-ms="0" started-at="2014-05-05T22:48:59Z" finished-at="2014-05-05T22:48:59Z">
          <reporter-output>
          </reporter-output>
        </test-method> <!-- tearDownMethod -->
      </class> <!-- com.bradley.musicapp.test.repository.TrackRepositoryTest -->
    </test> <!-- Command line test -->
  </suite> <!-- com.bradley.musicapp.test.repository.TrackRepositoryTest -->
</testng-results>
