<?xml version="1.0" encoding="UTF-8"?>
<!-- Generated by org.testng.reporters.JUnitXMLReporter -->
<testsuite hostname="Balla-PC" name="Command line test" tests="4" failures="0" timestamp="5 May 2014 20:48:59 GMT" time="2.07" errors="0">
  <testcase name="createTrack" time="0.046" classname="com.bradley.musicapp.test.repository.TrackRepositoryTest"/>
  <testcase name="readTrack" time="0.018" classname="com.bradley.musicapp.test.repository.TrackRepositoryTest"/>
  <testcase name="updateTrack" time="0.023" classname="com.bradley.musicapp.test.repository.TrackRepositoryTest"/>
  <testcase name="deleteTrack" time="0.017" classname="com.bradley.musicapp.test.repository.TrackRepositoryTest"/>
</testsuite> <!-- Command line test -->
