<?xml version="1.0" encoding="UTF-8"?>
<!-- Generated by org.testng.reporters.JUnitXMLReporter -->
<testsuite hostname="Balla-PC" name="Command line test" tests="4" failures="0" timestamp="5 May 2014 20:36:29 GMT" time="2.133" errors="0">
  <testcase name="createArtist" time="0.05" classname="com.bradley.musicapp.test.repository.ArtistRepositoryTest"/>
  <testcase name="readArtist" time="0.023" classname="com.bradley.musicapp.test.repository.ArtistRepositoryTest"/>
  <testcase name="updateArtist" time="0.046" classname="com.bradley.musicapp.test.repository.ArtistRepositoryTest"/>
  <testcase name="deleteArtist" time="0.024" classname="com.bradley.musicapp.test.repository.ArtistRepositoryTest"/>
</testsuite> <!-- Command line test -->
