<?xml version="1.0" encoding="UTF-8"?>
<!-- Generated by org.testng.reporters.JUnitXMLReporter -->
<testsuite hostname="Balla-PC" name="Command line test" tests="4" failures="0" timestamp="5 May 2014 20:41:21 GMT" time="2.098" errors="0">
  <testcase name="createAlbum" time="0.049" classname="com.bradley.musicapp.test.repository.AlbumRepositoryTest"/>
  <testcase name="readAlbum" time="0.027" classname="com.bradley.musicapp.test.repository.AlbumRepositoryTest"/>
  <testcase name="updateAlbum" time="0.03" classname="com.bradley.musicapp.test.repository.AlbumRepositoryTest"/>
  <testcase name="deleteAlbum" time="0.025" classname="com.bradley.musicapp.test.repository.AlbumRepositoryTest"/>
</testsuite> <!-- Command line test -->
